<?xml version="1.0" encoding="UTF-8"?>
<testng-results ignored="0" total="1" passed="1" failed="0" skipped="0">
  <reporter-output>
  </reporter-output>
  <suite started-at="2022-07-19T02:36:32 BDT" name="Default suite" finished-at="2022-07-19T02:36:37 BDT" duration-ms="5631">
    <groups>
    </groups>
    <test started-at="2022-07-19T02:36:32 BDT" name="Default test" finished-at="2022-07-19T02:36:37 BDT" duration-ms="5631">
      <class name="TestLogin">
        <test-method signature="test_login()[pri:0, instance:TestLogin@31368b99]" started-at="2022-07-19T02:36:32 BDT" name="test_login" finished-at="2022-07-19T02:36:37 BDT" duration-ms="5564" status="PASS">
          <reporter-output>
          </reporter-output>
        </test-method> <!-- test_login -->
      </class> <!-- TestLogin -->
    </test> <!-- Default test -->
  </suite> <!-- Default suite -->
</testng-results>
